
          -------------------------------------------------------
          Amber 14 SANDER                              2014
          -------------------------------------------------------

| Run on 03/23/2017 at 09:35:02

|   Executable path: sander
| Working directory: /media/cxx/disk3/data_water_in_graphene/280k/9a5/enthaply/333
|          Hostname: Unknown
  [-O]verwriting output

File Assignments:
|  MDIN: NVT.in                                                                
| MDOUT: wat_graphene_9a5_4300.out                                             
|INPCRD: wat_graphene_9a5_4300.rst7                                            
|  PARM: density_dis9a5.parm7                                                  
|RESTRT: restrt                                                                
|  REFC: refc                                                                  
| MDVEL: mdvel                                                                 
| MDFRC: mdfrc                                                                 
|  MDEN: mden                                                                  
| MDCRD: mdcrd                                                                 
|MDINFO: mdinfo                                                                
|  MTMD: mtmd                                                                  
|INPDIP: inpdip                                                                
|RSTDIP: rstdip                                                                
|INPTRA: inptraj                                                               

 
 Here is the input file:
 
NPT 20nsMD                                                                     
 &cntrl                                                                        
  imin = 0, irest = 0, ntx = 1,                                                
  ntb = 1, pres0 = 0,                                                          
  cut = 10, ntr = 0,                                                           
  ntc = 2, ntf = 2,                                                            
  tempi = 280.0, temp0 = 280.0,                                                
  ntt = 3, gamma_ln = 1.0,                                                     
  nstlim = 0, dt = 0.002,                                                      
  ntpr = 500, ntwx = 1, ntwr = 1000,                                           
  nscm = 500, ioutfm = 1, iwrap = 1                                            
 /                                                                             
#Hold the CNT fixed                                                            
#500.0                                                                         
#RES 1 2                                                                       
END                                                                            
END                                                                            

--------------------------------------------------------------------------------
   1.  RESOURCE   USE: 
--------------------------------------------------------------------------------

| Flags:                                                                        
 getting new box info from bottom of inpcrd
|  INFO: Old style inpcrd file read

| peek_ewald_inpcrd: Box info found
|Largest sphere to fit in unit cell has radius =    16.110
| New format PARM file being parsed.
| Version =    1.000 Date = 07/26/16 Time = 18:55:25
 NATOM  =   24736 NTYPES =       3 NBONH =   21936 MBONA  =    4098
 NTHETH =       0 MTHETA =    7992 NPHIH =       0 MPHIA  =   15628
 NHPARM =       0 NPARM  =       0 NNB   =   53075 NRES   =    7314
 NBONA  =    4098 NTHETA =    7992 NPHIA =   15628 NUMBND =      10
 NUMANG =      10 NPTRA  =       3 NATYP =       7 NPHB   =       1
 IFBOX  =       1 NMXRS  =    1400 IFCAP =       0 NEXTRA =       0
 NCOPY  =       0


|     Memory Use     Allocated
|     Real             1725895
|     Hollerith          81524
|     Integer          1378602
|     Max Pairs       14247936
|     nblistReal        296832
|     nblist Int        943893
|       Total            80849 kbytes

| Note: 1-4 EEL scale factors are being read from the topology file.

| Note: 1-4 VDW scale factors are being read from the topology file.
| Duplicated    0 dihedrals
| Duplicated    0 dihedrals

     BOX TYPE: RECTILINEAR

--------------------------------------------------------------------------------
   2.  CONTROL  DATA  FOR  THE  RUN
--------------------------------------------------------------------------------

default_name                                                                    

General flags:
     imin    =       0, nmropt  =       0

Nature and format of input:
     ntx     =       1, irest   =       0, ntrx    =       1

Nature and format of output:
     ntxo    =       1, ntpr    =     500, ntrx    =       1, ntwr    =    1000
     iwrap   =       1, ntwx    =       1, ntwv    =       0, ntwe    =       0
     ioutfm  =       1, ntwprt  =       0, idecomp =       0, rbornstat=      0

Potential function:
     ntf     =       2, ntb     =       1, igb     =       0, nsnb    =      25
     ipol    =       0, gbsa    =       0, iesp    =       0
     dielc   =   1.00000, cut     =  10.00000, intdiel =   1.00000

Frozen or restrained atoms:
     ibelly  =       0, ntr     =       0

Molecular dynamics:
     nstlim  =         0, nscm    =       500, nrespa  =         1
     t       =   0.00000, dt      =   0.00200, vlimit  =  20.00000

Langevin dynamics temperature regulation:
     ig      =   71277
     temp0   = 280.00000, tempi   = 280.00000, gamma_ln=   1.00000

SHAKE:
     ntc     =       2, jfastw  =       0
     tol     =   0.00001

Ewald parameters:
     verbose =       0, ew_type =       0, nbflag  =       1, use_pme =       1
     vdwmeth =       1, eedmeth =       1, netfrc  =       1
     Box X =   87.036   Box Y =   85.967   Box Z =   32.220
     Alpha =   90.000   Beta  =   90.000   Gamma =   90.000
     NFFT1 =   90       NFFT2 =   90       NFFT3 =   32
     Cutoff=   10.000   Tol   =0.100E-04
     Ewald Coefficient =  0.27511
     Interpolation order =    4

--------------------------------------------------------------------------------
   3.  ATOMIC COORDINATES AND VELOCITIES
--------------------------------------------------------------------------------

default_name                                                                    
 begin time read from input coords =     0.000 ps

 Number of triangulated 3-point waters found:     7312

     Sum of charges from parm topology file =   0.00000000
     Forcing neutrality...

--------------------------------------------------------------------------------
   4.  RESULTS
--------------------------------------------------------------------------------

|  # of SOLUTE  degrees of freedom (RNDFP):   52272.
|  # of SOLVENT degrees of freedom (RNDFS):       0.
|  NDFMIN =   52272.     NUM_NOSHAKE =      0     CORRECTED RNDFP =   52272.
|  TOTAL # of degrees of freedom (RNDF) =   52272.
 ---------------------------------------------------
 APPROXIMATING switch and d/dx switch using CUBIC SPLINE INTERPOLATION
 using   5000.0 points per unit in tabled values
 TESTING RELATIVE ERROR over r ranging from 0.0 to cutoff
| CHECK switch(x): max rel err =   0.3316E-14   at   2.351880
| CHECK d/dx switch(x): max rel err =   0.8066E-11   at   2.747240
 ---------------------------------------------------
| Local SIZE OF NONBOND LIST =    9132082
| TOTAL SIZE OF NONBOND LIST =    9132082

 NSTEP =        0   TIME(PS) =       0.000  TEMP(K) =   397.07  PRESS =     0.0
 Etot   =    -50496.6958  EKtot   =     20622.9176  EPtot      =    -71119.6134
 BOND   =      1156.1399  ANGLE   =       840.0252  DIHED      =      1219.0790
 1-4 NB =      4383.2260  1-4 EEL =         0.0000  VDWAALS    =     14065.4148
 EELEC  =    -92783.4983  EHBOND  =         0.0000  RESTRAINT  =         0.0000
 Ewald error estimate:   0.1013E-05
 ------------------------------------------------------------------------------


--------------------------------------------------------------------------------
   5.  TIMINGS
--------------------------------------------------------------------------------

|    Read coords time           0.01 ( 2.17% of Total)
|    Fast Water setup           0.00 ( 0.08% of Total)
|                Build the list             0.22 (97.05% of List )
|                Other                      0.01 ( 2.95% of List )
|             List time                  0.23 (50.86% of Nonbo)
|                   Short_ene time             0.18 (99.32% of Direc)
|                   Other                      0.00 ( 0.68% of Direc)
|                Direct Ewald time          0.18 (83.72% of Ewald)
|                Adjust Ewald time          0.00 ( 0.59% of Ewald)
|                Self Ewald time            0.00 ( 0.02% of Ewald)
|                   Fill Bspline coeffs        0.00 (10.10% of Recip)
|                   Fill charge grid           0.00 (14.78% of Recip)
|                   Scalar sum                 0.00 ( 7.62% of Recip)
|                   Grad sum                   0.01 (19.14% of Recip)
|                   FFT time                   0.02 (48.35% of Recip)
|                   Other                      0.00 ( 0.01% of Recip)
|                Recip Ewald time           0.03 (15.51% of Ewald)
|                Force Adjust               0.00 ( 0.02% of Ewald)
|                Virial junk                0.00 ( 0.04% of Ewald)
|                Other                      0.00 ( 0.10% of Ewald)
|             Ewald time                 0.22 (49.14% of Nonbo)
|          Nonbond force              0.44 (99.66% of Force)
|          Bond/Angle/Dihedral        0.00 ( 0.30% of Force)
|          Other                      0.00 ( 0.03% of Force)
|       Force time                 0.44 (90.30% of Runmd)
|       Other                      0.05 ( 9.70% of Runmd)
|    Runmd Time                 0.49 (80.86% of Total)
|    Other                      0.10 (16.90% of Total)
| Total time                 0.61 (100.0% of ALL  )

| Number of list builds   :          1

| Highest rstack allocated:    1224350
| Highest istack allocated:      24736
|           Job began  at 09:35:02.080  on 03/23/2017
|           Setup done at 09:35:02.197  on 03/23/2017
|           Run   done at 09:35:02.690  on 03/23/2017
|     wallclock() was called      53 times
