
          -------------------------------------------------------
          Amber 14 SANDER                              2014
          -------------------------------------------------------

| Run on 07/28/2016 at 11:44:03

|   Executable path: /opt/amber14/bin/sander
| Working directory: /media/xwj/data15/graphene/fixDis_280_1fs/dis9.5
|          Hostname: Unknown
  [-O]verwriting output

File Assignments:
|  MDIN: NVT.in                                                                
| MDOUT: density_dis9a5_2.out                                                  
|INPCRD: density_dis9a5_1.rst7                                                 
|  PARM: density_dis9a5.parm7                                                  
|RESTRT: density_dis9a5_2.rst7                                                 
|  REFC: density_dis9a5_1.rst7                                                 
| MDVEL: mdvel                                                                 
| MDFRC: mdfrc                                                                 
|  MDEN: mden                                                                  
| MDCRD: density_dis9a5_2.nc                                                   
|MDINFO: mdinfo                                                                
|  MTMD: mtmd                                                                  
|INPDIP: inpdip                                                                
|RSTDIP: rstdip                                                                
|INPTRA: inptraj                                                               

 
 Here is the input file:
 
NPT 20nsMD                                                                     
 &cntrl                                                                        
  imin = 0, irest = 1, ntx = 5,                                                
  ntb = 1, pres0 = 0,                                                          
  cut = 10, ntr = 1,                                                           
  ntc = 2, ntf = 2,                                                            
  tempi = 280.0, temp0 = 280.0,                                                
  ntt = 3, gamma_ln = 1.0,                                                     
  nstlim = 10000, dt = 0.001,                                                  
  ntpr = 500, ntwx = 1, ntwr = 1000,                                           
  nscm = 500, ioutfm = 1, iwrap = 1                                            
 /                                                                             
Hold the CNT fixed                                                             
500.0                                                                          
RES 1 2                                                                        
END                                                                            
END                                                                            

--------------------------------------------------------------------------------
   1.  RESOURCE   USE: 
--------------------------------------------------------------------------------

| Flags:                                                                        
 getting new box info from bottom of inpcrd
|  INFO: Old style inpcrd file read

| peek_ewald_inpcrd: Box info found
|Largest sphere to fit in unit cell has radius =    16.110
| New format PARM file being parsed.
| Version =    1.000 Date = 07/26/16 Time = 18:55:25
 NATOM  =   24736 NTYPES =       3 NBONH =   21936 MBONA  =    4098
 NTHETH =       0 MTHETA =    7992 NPHIH =       0 MPHIA  =   15628
 NHPARM =       0 NPARM  =       0 NNB   =   53075 NRES   =    7314
 NBONA  =    4098 NTHETA =    7992 NPHIA =   15628 NUMBND =      10
 NUMANG =      10 NPTRA  =       3 NATYP =       7 NPHB   =       1
 IFBOX  =       1 NMXRS  =    1400 IFCAP =       0 NEXTRA =       0
 NCOPY  =       0


|     Memory Use     Allocated
|     Real             1824889
|     Hollerith          81524
|     Integer          1378602
|     Max Pairs       14247936
|     nblistReal        296832
|     nblist Int        943893
|       Total            81622 kbytes

| Note: 1-4 EEL scale factors are being read from the topology file.

| Note: 1-4 VDW scale factors are being read from the topology file.
| Duplicated    0 dihedrals
| Duplicated    0 dihedrals

     BOX TYPE: RECTILINEAR

--------------------------------------------------------------------------------
   2.  CONTROL  DATA  FOR  THE  RUN
--------------------------------------------------------------------------------

default_name                                                                    

General flags:
     imin    =       0, nmropt  =       0

Nature and format of input:
     ntx     =       5, irest   =       1, ntrx    =       1

Nature and format of output:
     ntxo    =       1, ntpr    =     500, ntrx    =       1, ntwr    =    1000
     iwrap   =       1, ntwx    =       1, ntwv    =       0, ntwe    =       0
     ioutfm  =       1, ntwprt  =       0, idecomp =       0, rbornstat=      0

Potential function:
     ntf     =       2, ntb     =       1, igb     =       0, nsnb    =      25
     ipol    =       0, gbsa    =       0, iesp    =       0
     dielc   =   1.00000, cut     =  10.00000, intdiel =   1.00000

Frozen or restrained atoms:
     ibelly  =       0, ntr     =       1
     restraint_wt =   0.00000

Molecular dynamics:
     nstlim  =     10000, nscm    =         0, nrespa  =         1
     t       =   0.00000, dt      =   0.00100, vlimit  =  20.00000

Langevin dynamics temperature regulation:
     ig      =   71277
     temp0   = 280.00000, tempi   = 280.00000, gamma_ln=   1.00000

SHAKE:
     ntc     =       2, jfastw  =       0
     tol     =   0.00001

Ewald parameters:
     verbose =       0, ew_type =       0, nbflag  =       1, use_pme =       1
     vdwmeth =       1, eedmeth =       1, netfrc  =       1
     Box X =   87.036   Box Y =   85.967   Box Z =   32.220
     Alpha =   90.000   Beta  =   90.000   Gamma =   90.000
     NFFT1 =   90       NFFT2 =   90       NFFT3 =   32
     Cutoff=   10.000   Tol   =0.100E-04
     Ewald Coefficient =  0.27511
     Interpolation order =    4

    LOADING THE CONSTRAINED ATOMS AS GROUPS


   5.  REFERENCE ATOM COORDINATES

  defa
    ----- READING GROUP     1; TITLE:
 Hold the CNT fixed                                                          

     GROUP    1 HAS HARMONIC CONSTRAINTS   500.00000
 GRP    1 RES    1 TO     2
      Number of atoms in this group  =  2800
    ----- END OF GROUP READ -----

--------------------------------------------------------------------------------
   3.  ATOMIC COORDINATES AND VELOCITIES
--------------------------------------------------------------------------------

default_name                                                                    
 begin time read from input coords =  5400.000 ps

 Number of triangulated 3-point waters found:     7312

     Sum of charges from parm topology file =   0.00000000
     Forcing neutrality...

--------------------------------------------------------------------------------
   4.  RESULTS
--------------------------------------------------------------------------------

|  # of SOLUTE  degrees of freedom (RNDFP):   52272.
|  # of SOLVENT degrees of freedom (RNDFS):       0.
|  NDFMIN =   52272.     NUM_NOSHAKE =      0     CORRECTED RNDFP =   52272.
|  TOTAL # of degrees of freedom (RNDF) =   52272.
 ---------------------------------------------------
 APPROXIMATING switch and d/dx switch using CUBIC SPLINE INTERPOLATION
 using   5000.0 points per unit in tabled values
 TESTING RELATIVE ERROR over r ranging from 0.0 to cutoff
| CHECK switch(x): max rel err =   0.3316E-14   at   2.351880
| CHECK d/dx switch(x): max rel err =   0.8066E-11   at   2.747240
 ---------------------------------------------------
| Local SIZE OF NONBOND LIST =    9132645
| TOTAL SIZE OF NONBOND LIST =    9132645

 NSTEP =      500   TIME(PS) =    5400.500  TEMP(K) =   275.92  PRESS =     0.0
 Etot   =    -57066.1299  EKtot   =     14330.4612  EPtot      =    -71396.5910
 BOND   =       809.8057  ANGLE   =       600.6307  DIHED      =       431.7483
 1-4 NB =      4444.0968  1-4 EEL =         0.0000  VDWAALS    =     13827.6690
 EELEC  =    -92679.2831  EHBOND  =         0.0000  RESTRAINT  =      1168.7415
 EAMBER (non-restraint)  =    -72565.3325
 Ewald error estimate:   0.1715E-03
 ------------------------------------------------------------------------------


 NSTEP =     1000   TIME(PS) =    5401.000  TEMP(K) =   274.77  PRESS =     0.0
 Etot   =    -56863.7055  EKtot   =     14271.0224  EPtot      =    -71134.7279
 BOND   =       807.7728  ANGLE   =       601.8790  DIHED      =       450.0454
 1-4 NB =      4445.4013  1-4 EEL =         0.0000  VDWAALS    =     13666.6223
 EELEC  =    -92381.1814  EHBOND  =         0.0000  RESTRAINT  =      1274.7326
 EAMBER (non-restraint)  =    -72409.4605
 Ewald error estimate:   0.1658E-04
 ------------------------------------------------------------------------------


 NSTEP =     1500   TIME(PS) =    5401.500  TEMP(K) =   278.71  PRESS =     0.0
 Etot   =    -56615.6890  EKtot   =     14475.1717  EPtot      =    -71090.8607
 BOND   =       814.0528  ANGLE   =       605.4603  DIHED      =       441.1466
 1-4 NB =      4441.1677  1-4 EEL =         0.0000  VDWAALS    =     14031.3443
 EELEC  =    -92768.8372  EHBOND  =         0.0000  RESTRAINT  =      1344.8048
 EAMBER (non-restraint)  =    -72435.6655
 Ewald error estimate:   0.5991E-04
 ------------------------------------------------------------------------------


 NSTEP =     2000   TIME(PS) =    5402.000  TEMP(K) =   278.79  PRESS =     0.0
 Etot   =    -56520.3853  EKtot   =     14479.6457  EPtot      =    -71000.0309
 BOND   =       853.3377  ANGLE   =       605.9584  DIHED      =       472.5283
 1-4 NB =      4442.9713  1-4 EEL =         0.0000  VDWAALS    =     14138.0847
 EELEC  =    -92891.5612  EHBOND  =         0.0000  RESTRAINT  =      1378.6500
 EAMBER (non-restraint)  =    -72378.6809
 Ewald error estimate:   0.1137E-03
 ------------------------------------------------------------------------------


 NSTEP =     2500   TIME(PS) =    5402.500  TEMP(K) =   279.03  PRESS =     0.0
 Etot   =    -56530.0364  EKtot   =     14492.1771  EPtot      =    -71022.2134
 BOND   =       869.7459  ANGLE   =       625.7781  DIHED      =       448.4114
 1-4 NB =      4446.1829  1-4 EEL =         0.0000  VDWAALS    =     13755.2702
 EELEC  =    -92527.5876  EHBOND  =         0.0000  RESTRAINT  =      1359.9858
 EAMBER (non-restraint)  =    -72382.1992
 Ewald error estimate:   0.1823E-04
 ------------------------------------------------------------------------------


 NSTEP =     3000   TIME(PS) =    5403.000  TEMP(K) =   278.63  PRESS =     0.0
 Etot   =    -56495.1602  EKtot   =     14471.0593  EPtot      =    -70966.2195
 BOND   =       856.8283  ANGLE   =       633.5467  DIHED      =       481.4225
 1-4 NB =      4441.3429  1-4 EEL =         0.0000  VDWAALS    =     13778.3817
 EELEC  =    -92572.2635  EHBOND  =         0.0000  RESTRAINT  =      1414.5219
 EAMBER (non-restraint)  =    -72380.7414
 Ewald error estimate:   0.6673E-04
 ------------------------------------------------------------------------------


 NSTEP =     3500   TIME(PS) =    5403.500  TEMP(K) =   279.80  PRESS =     0.0
 Etot   =    -56401.2802  EKtot   =     14532.1979  EPtot      =    -70933.4782
 BOND   =       862.2448  ANGLE   =       629.2344  DIHED      =       468.5577
 1-4 NB =      4441.5077  1-4 EEL =         0.0000  VDWAALS    =     13832.2450
 EELEC  =    -92633.9641  EHBOND  =         0.0000  RESTRAINT  =      1466.6962
 EAMBER (non-restraint)  =    -72400.1744
 Ewald error estimate:   0.1220E-03
 ------------------------------------------------------------------------------


 NSTEP =     4000   TIME(PS) =    5404.000  TEMP(K) =   280.75  PRESS =     0.0
 Etot   =    -56354.8443  EKtot   =     14581.2490  EPtot      =    -70936.0933
 BOND   =       834.1339  ANGLE   =       623.0540  DIHED      =       479.6249
 1-4 NB =      4440.3578  1-4 EEL =         0.0000  VDWAALS    =     13973.9937
 EELEC  =    -92706.0498  EHBOND  =         0.0000  RESTRAINT  =      1418.7923
 EAMBER (non-restraint)  =    -72354.8856
 Ewald error estimate:   0.8149E-04
 ------------------------------------------------------------------------------


 NSTEP =     4500   TIME(PS) =    5404.500  TEMP(K) =   281.87  PRESS =     0.0
 Etot   =    -56245.1896  EKtot   =     14639.5076  EPtot      =    -70884.6972
 BOND   =       839.6829  ANGLE   =       621.5126  DIHED      =       481.8401
 1-4 NB =      4447.7279  1-4 EEL =         0.0000  VDWAALS    =     13753.8154
 EELEC  =    -92450.4824  EHBOND  =         0.0000  RESTRAINT  =      1421.2064
 EAMBER (non-restraint)  =    -72305.9036
 Ewald error estimate:   0.1167E-03
 ------------------------------------------------------------------------------


 NSTEP =     5000   TIME(PS) =    5405.000  TEMP(K) =   283.80  PRESS =     0.0
 Etot   =    -56323.3932  EKtot   =     14739.6331  EPtot      =    -71063.0263
 BOND   =       846.5914  ANGLE   =       610.6657  DIHED      =       457.6864
 1-4 NB =      4441.4606  1-4 EEL =         0.0000  VDWAALS    =     13974.0478
 EELEC  =    -92793.9086  EHBOND  =         0.0000  RESTRAINT  =      1400.4304
 EAMBER (non-restraint)  =    -72463.4567
 Ewald error estimate:   0.1219E-03
 ------------------------------------------------------------------------------


 NSTEP =     5500   TIME(PS) =    5405.500  TEMP(K) =   282.53  PRESS =     0.0
 Etot   =    -56257.9450  EKtot   =     14674.0664  EPtot      =    -70932.0114
 BOND   =       823.0856  ANGLE   =       607.9465  DIHED      =       485.5000
 1-4 NB =      4442.8415  1-4 EEL =         0.0000  VDWAALS    =     14103.3408
 EELEC  =    -92856.2154  EHBOND  =         0.0000  RESTRAINT  =      1461.4895
 EAMBER (non-restraint)  =    -72393.5009
 Ewald error estimate:   0.1438E-03
 ------------------------------------------------------------------------------


 NSTEP =     6000   TIME(PS) =    5406.000  TEMP(K) =   281.05  PRESS =     0.0
 Etot   =    -56560.9104  EKtot   =     14597.1873  EPtot      =    -71158.0977
 BOND   =       795.2189  ANGLE   =       608.9399  DIHED      =       481.0579
 1-4 NB =      4441.2470  1-4 EEL =         0.0000  VDWAALS    =     14079.8581
 EELEC  =    -93006.7329  EHBOND  =         0.0000  RESTRAINT  =      1442.3134
 EAMBER (non-restraint)  =    -72600.4111
 Ewald error estimate:   0.5862E-04
 ------------------------------------------------------------------------------


 NSTEP =     6500   TIME(PS) =    5406.500  TEMP(K) =   279.82  PRESS =     0.0
 Etot   =    -56533.1442  EKtot   =     14532.8331  EPtot      =    -71065.9774
 BOND   =       821.6736  ANGLE   =       609.6787  DIHED      =       482.8075
 1-4 NB =      4443.0854  1-4 EEL =         0.0000  VDWAALS    =     13924.2629
 EELEC  =    -92801.1659  EHBOND  =         0.0000  RESTRAINT  =      1453.6805
 EAMBER (non-restraint)  =    -72519.6578
 Ewald error estimate:   0.1600E-04
 ------------------------------------------------------------------------------


 NSTEP =     7000   TIME(PS) =    5407.000  TEMP(K) =   281.89  PRESS =     0.0
 Etot   =    -56530.5453  EKtot   =     14640.3785  EPtot      =    -71170.9237
 BOND   =       841.8044  ANGLE   =       609.1839  DIHED      =       483.5332
 1-4 NB =      4445.2261  1-4 EEL =         0.0000  VDWAALS    =     13639.4907
 EELEC  =    -92593.3451  EHBOND  =         0.0000  RESTRAINT  =      1403.1831
 EAMBER (non-restraint)  =    -72574.1068
 Ewald error estimate:   0.4034E-04
 ------------------------------------------------------------------------------


 NSTEP =     7500   TIME(PS) =    5407.500  TEMP(K) =   280.73  PRESS =     0.0
 Etot   =    -56340.9227  EKtot   =     14580.3281  EPtot      =    -70921.2508
 BOND   =       841.3667  ANGLE   =       635.7415  DIHED      =       472.9129
 1-4 NB =      4443.7339  1-4 EEL =         0.0000  VDWAALS    =     13777.3848
 EELEC  =    -92519.0119  EHBOND  =         0.0000  RESTRAINT  =      1426.6212
 EAMBER (non-restraint)  =    -72347.8720
 Ewald error estimate:   0.1709E-04
 ------------------------------------------------------------------------------


 NSTEP =     8000   TIME(PS) =    5408.000  TEMP(K) =   278.67  PRESS =     0.0
 Etot   =    -56481.8240  EKtot   =     14473.5197  EPtot      =    -70955.3438
 BOND   =       837.8652  ANGLE   =       627.8445  DIHED      =       479.8641
 1-4 NB =      4439.8821  1-4 EEL =         0.0000  VDWAALS    =     13833.1382
 EELEC  =    -92595.1174  EHBOND  =         0.0000  RESTRAINT  =      1421.1797
 EAMBER (non-restraint)  =    -72376.5235
 Ewald error estimate:   0.9478E-04
 ------------------------------------------------------------------------------


 NSTEP =     8500   TIME(PS) =    5408.500  TEMP(K) =   278.66  PRESS =     0.0
 Etot   =    -56560.8046  EKtot   =     14472.6170  EPtot      =    -71033.4216
 BOND   =       854.5106  ANGLE   =       614.4885  DIHED      =       478.4514
 1-4 NB =      4441.9099  1-4 EEL =         0.0000  VDWAALS    =     13757.8151
 EELEC  =    -92589.1282  EHBOND  =         0.0000  RESTRAINT  =      1408.5312
 EAMBER (non-restraint)  =    -72441.9528
 Ewald error estimate:   0.3433E-04
 ------------------------------------------------------------------------------


 NSTEP =     9000   TIME(PS) =    5409.000  TEMP(K) =   279.09  PRESS =     0.0
 Etot   =    -56535.9037  EKtot   =     14494.9853  EPtot      =    -71030.8890
 BOND   =       862.4294  ANGLE   =       628.0462  DIHED      =       472.2041
 1-4 NB =      4444.9855  1-4 EEL =         0.0000  VDWAALS    =     13852.6739
 EELEC  =    -92703.7886  EHBOND  =         0.0000  RESTRAINT  =      1412.5606
 EAMBER (non-restraint)  =    -72443.4496
 Ewald error estimate:   0.1131E-04
 ------------------------------------------------------------------------------


 NSTEP =     9500   TIME(PS) =    5409.500  TEMP(K) =   281.67  PRESS =     0.0
 Etot   =    -56482.4494  EKtot   =     14629.2371  EPtot      =    -71111.6865
 BOND   =       846.5871  ANGLE   =       609.4019  DIHED      =       479.6617
 1-4 NB =      4443.1752  1-4 EEL =         0.0000  VDWAALS    =     14292.8491
 EELEC  =    -93182.1706  EHBOND  =         0.0000  RESTRAINT  =      1398.8091
 EAMBER (non-restraint)  =    -72510.4956
 Ewald error estimate:   0.1780E-04
 ------------------------------------------------------------------------------


 NSTEP =    10000   TIME(PS) =    5410.000  TEMP(K) =   283.94  PRESS =     0.0
 Etot   =    -56364.9258  EKtot   =     14747.0552  EPtot      =    -71111.9809
 BOND   =       832.3960  ANGLE   =       612.8517  DIHED      =       472.0635
 1-4 NB =      4443.6015  1-4 EEL =         0.0000  VDWAALS    =     13941.5608
 EELEC  =    -92793.3237  EHBOND  =         0.0000  RESTRAINT  =      1378.8693
 EAMBER (non-restraint)  =    -72490.8502
 Ewald error estimate:   0.8140E-04
 ------------------------------------------------------------------------------


      A V E R A G E S   O V E R   10000 S T E P S


 NSTEP =    10000   TIME(PS) =    5410.000  TEMP(K) =   279.77  PRESS =     0.0
 Etot   =    -56531.1424  EKtot   =     14530.4922  EPtot      =    -71061.6346
 BOND   =       826.3215  ANGLE   =       609.0853  DIHED      =       466.9165
 1-4 NB =      4443.2647  1-4 EEL =         0.0000  VDWAALS    =     13887.2174
 EELEC  =    -92677.0645  EHBOND  =         0.0000  RESTRAINT  =      1382.6246
 EAMBER (non-restraint)  =    -72444.2591
 Ewald error estimate:   0.8276E-04
 ------------------------------------------------------------------------------


      R M S  F L U C T U A T I O N S


 NSTEP =    10000   TIME(PS) =    5410.000  TEMP(K) =     2.79  PRESS =     0.0
 Etot   =       219.7457  EKtot   =       144.9282  EPtot      =       119.8779
 BOND   =        24.1498  ANGLE   =        17.3654  DIHED      =        18.6732
 1-4 NB =         2.5338  1-4 EEL =         0.0000  VDWAALS    =       143.6733
 EELEC  =       176.4629  EHBOND  =         0.0000  RESTRAINT  =        83.7640
 EAMBER (non-restraint)  =        36.1138
 Ewald error estimate:   0.6225E-04
 ------------------------------------------------------------------------------


--------------------------------------------------------------------------------
   5.  TIMINGS
--------------------------------------------------------------------------------

|                Build the list           262.81 (98.59% of List )
|                Other                      3.77 ( 1.41% of List )
|             List time                266.57 ( 4.77% of Nonbo)
|                   Short_ene time          4585.84 (99.45% of Direc)
|                   Other                     25.25 ( 0.55% of Direc)
|                Direct Ewald time       4611.09 (86.69% of Ewald)
|                Adjust Ewald time         30.76 ( 0.58% of Ewald)
|                   Fill Bspline coeffs       33.62 ( 5.03% of Recip)
|                   Fill charge grid         146.55 (21.91% of Recip)
|                   Scalar sum                65.02 ( 9.72% of Recip)
|                   Grad sum                 220.32 (32.94% of Recip)
|                   FFT time                 203.23 (30.39% of Recip)
|                   Other                      0.05 ( 0.01% of Recip)
|                Recip Ewald time         668.78 (12.57% of Ewald)
|                Force Adjust               1.26 ( 0.02% of Ewald)
|                Virial junk                1.04 ( 0.02% of Ewald)
|                Other                      6.34 ( 0.12% of Ewald)
|             Ewald time              5319.31 (95.23% of Nonbo)
|          Nonbond force           5585.89 (99.38% of Force)
|          Bond/Angle/Dihedral       32.49 ( 0.58% of Force)
|          Other                      2.28 ( 0.04% of Force)
|       Force time              5620.67 (96.18% of Runmd)
|       Shake time                16.91 ( 0.29% of Runmd)
|       Verlet update time       203.29 ( 3.48% of Runmd)
|       Other                      2.79 ( 0.05% of Runmd)
|    Runmd Time              5843.66 (100.0% of Total)
| Total time              5843.85 (100.0% of ALL  )

| Highest rstack allocated:    1224350
| Highest istack allocated:      24736

| Final Performance Info:
| -----------------------------------------------------
| Average timings for all steps:
|     Elapsed(s) =    5843.66 Per Step(ms) =     584.37
|         ns/day =       0.15   seconds/ns =  584365.72
| -----------------------------------------------------

|           Job began  at 11:44:03.375  on 07/28/2016
|           Setup done at 11:44:03.570  on 07/28/2016
|           Run   done at 13:21:27.227  on 07/28/2016
|     wallclock() was called  441073 times
