
          -------------------------------------------------------
          Amber 14 SANDER                              2014
          -------------------------------------------------------

| Run on 07/28/2016 at 13:21:27

|   Executable path: /opt/amber14/bin/sander
| Working directory: /media/xwj/data15/graphene/fixDis_280_1fs/dis9.5
|          Hostname: Unknown
  [-O]verwriting output

File Assignments:
|  MDIN: NVT.in                                                                
| MDOUT: density_dis9a5_3.out                                                  
|INPCRD: density_dis9a5_2.rst7                                                 
|  PARM: density_dis9a5.parm7                                                  
|RESTRT: density_dis9a5_3.rst7                                                 
|  REFC: density_dis9a5_2.rst7                                                 
| MDVEL: mdvel                                                                 
| MDFRC: mdfrc                                                                 
|  MDEN: mden                                                                  
| MDCRD: density_dis9a5_3.nc                                                   
|MDINFO: mdinfo                                                                
|  MTMD: mtmd                                                                  
|INPDIP: inpdip                                                                
|RSTDIP: rstdip                                                                
|INPTRA: inptraj                                                               

 
 Here is the input file:
 
NPT 20nsMD                                                                     
 &cntrl                                                                        
  imin = 0, irest = 1, ntx = 5,                                                
  ntb = 1, pres0 = 0,                                                          
  cut = 10, ntr = 1,                                                           
  ntc = 2, ntf = 2,                                                            
  tempi = 280.0, temp0 = 280.0,                                                
  ntt = 3, gamma_ln = 1.0,                                                     
  nstlim = 10000, dt = 0.001,                                                  
  ntpr = 500, ntwx = 1, ntwr = 1000,                                           
  nscm = 500, ioutfm = 1, iwrap = 1                                            
 /                                                                             
Hold the CNT fixed                                                             
500.0                                                                          
RES 1 2                                                                        
END                                                                            
END                                                                            

--------------------------------------------------------------------------------
   1.  RESOURCE   USE: 
--------------------------------------------------------------------------------

| Flags:                                                                        
 getting new box info from bottom of inpcrd
|  INFO: Old style inpcrd file read

| peek_ewald_inpcrd: Box info found
|Largest sphere to fit in unit cell has radius =    16.110
| New format PARM file being parsed.
| Version =    1.000 Date = 07/26/16 Time = 18:55:25
 NATOM  =   24736 NTYPES =       3 NBONH =   21936 MBONA  =    4098
 NTHETH =       0 MTHETA =    7992 NPHIH =       0 MPHIA  =   15628
 NHPARM =       0 NPARM  =       0 NNB   =   53075 NRES   =    7314
 NBONA  =    4098 NTHETA =    7992 NPHIA =   15628 NUMBND =      10
 NUMANG =      10 NPTRA  =       3 NATYP =       7 NPHB   =       1
 IFBOX  =       1 NMXRS  =    1400 IFCAP =       0 NEXTRA =       0
 NCOPY  =       0


|     Memory Use     Allocated
|     Real             1824889
|     Hollerith          81524
|     Integer          1378602
|     Max Pairs       14247936
|     nblistReal        296832
|     nblist Int        943893
|       Total            81622 kbytes

| Note: 1-4 EEL scale factors are being read from the topology file.

| Note: 1-4 VDW scale factors are being read from the topology file.
| Duplicated    0 dihedrals
| Duplicated    0 dihedrals

     BOX TYPE: RECTILINEAR

--------------------------------------------------------------------------------
   2.  CONTROL  DATA  FOR  THE  RUN
--------------------------------------------------------------------------------

default_name                                                                    

General flags:
     imin    =       0, nmropt  =       0

Nature and format of input:
     ntx     =       5, irest   =       1, ntrx    =       1

Nature and format of output:
     ntxo    =       1, ntpr    =     500, ntrx    =       1, ntwr    =    1000
     iwrap   =       1, ntwx    =       1, ntwv    =       0, ntwe    =       0
     ioutfm  =       1, ntwprt  =       0, idecomp =       0, rbornstat=      0

Potential function:
     ntf     =       2, ntb     =       1, igb     =       0, nsnb    =      25
     ipol    =       0, gbsa    =       0, iesp    =       0
     dielc   =   1.00000, cut     =  10.00000, intdiel =   1.00000

Frozen or restrained atoms:
     ibelly  =       0, ntr     =       1
     restraint_wt =   0.00000

Molecular dynamics:
     nstlim  =     10000, nscm    =         0, nrespa  =         1
     t       =   0.00000, dt      =   0.00100, vlimit  =  20.00000

Langevin dynamics temperature regulation:
     ig      =   71277
     temp0   = 280.00000, tempi   = 280.00000, gamma_ln=   1.00000

SHAKE:
     ntc     =       2, jfastw  =       0
     tol     =   0.00001

Ewald parameters:
     verbose =       0, ew_type =       0, nbflag  =       1, use_pme =       1
     vdwmeth =       1, eedmeth =       1, netfrc  =       1
     Box X =   87.036   Box Y =   85.967   Box Z =   32.220
     Alpha =   90.000   Beta  =   90.000   Gamma =   90.000
     NFFT1 =   90       NFFT2 =   90       NFFT3 =   32
     Cutoff=   10.000   Tol   =0.100E-04
     Ewald Coefficient =  0.27511
     Interpolation order =    4

    LOADING THE CONSTRAINED ATOMS AS GROUPS


   5.  REFERENCE ATOM COORDINATES

  defa
    ----- READING GROUP     1; TITLE:
 Hold the CNT fixed                                                          

     GROUP    1 HAS HARMONIC CONSTRAINTS   500.00000
 GRP    1 RES    1 TO     2
      Number of atoms in this group  =  2800
    ----- END OF GROUP READ -----

--------------------------------------------------------------------------------
   3.  ATOMIC COORDINATES AND VELOCITIES
--------------------------------------------------------------------------------

default_name                                                                    
 begin time read from input coords =  5410.000 ps

 Number of triangulated 3-point waters found:     7312

     Sum of charges from parm topology file =   0.00000000
     Forcing neutrality...

--------------------------------------------------------------------------------
   4.  RESULTS
--------------------------------------------------------------------------------

|  # of SOLUTE  degrees of freedom (RNDFP):   52272.
|  # of SOLVENT degrees of freedom (RNDFS):       0.
|  NDFMIN =   52272.     NUM_NOSHAKE =      0     CORRECTED RNDFP =   52272.
|  TOTAL # of degrees of freedom (RNDF) =   52272.
 ---------------------------------------------------
 APPROXIMATING switch and d/dx switch using CUBIC SPLINE INTERPOLATION
 using   5000.0 points per unit in tabled values
 TESTING RELATIVE ERROR over r ranging from 0.0 to cutoff
| CHECK switch(x): max rel err =   0.3316E-14   at   2.351880
| CHECK d/dx switch(x): max rel err =   0.8066E-11   at   2.747240
 ---------------------------------------------------
| Local SIZE OF NONBOND LIST =    9130961
| TOTAL SIZE OF NONBOND LIST =    9130961

 NSTEP =      500   TIME(PS) =    5410.500  TEMP(K) =   272.96  PRESS =     0.0
 Etot   =    -57371.8006  EKtot   =     14176.7526  EPtot      =    -71548.5532
 BOND   =       766.3315  ANGLE   =       569.1492  DIHED      =       442.4014
 1-4 NB =      4441.1562  1-4 EEL =         0.0000  VDWAALS    =     14047.4255
 EELEC  =    -92948.8132  EHBOND  =         0.0000  RESTRAINT  =      1133.7962
 EAMBER (non-restraint)  =    -72682.3494
 Ewald error estimate:   0.6147E-05
 ------------------------------------------------------------------------------


 NSTEP =     1000   TIME(PS) =    5411.000  TEMP(K) =   271.22  PRESS =     0.0
 Etot   =    -57220.0417  EKtot   =     14086.6199  EPtot      =    -71306.6616
 BOND   =       778.3992  ANGLE   =       593.7676  DIHED      =       456.2598
 1-4 NB =      4441.9281  1-4 EEL =         0.0000  VDWAALS    =     14089.5043
 EELEC  =    -92916.8318  EHBOND  =         0.0000  RESTRAINT  =      1250.3112
 EAMBER (non-restraint)  =    -72556.9728
 Ewald error estimate:   0.1100E-03
 ------------------------------------------------------------------------------


 NSTEP =     1500   TIME(PS) =    5411.500  TEMP(K) =   275.09  PRESS =     0.0
 Etot   =    -56933.4153  EKtot   =     14287.4666  EPtot      =    -71220.8819
 BOND   =       813.7366  ANGLE   =       595.4266  DIHED      =       453.5957
 1-4 NB =      4437.4251  1-4 EEL =         0.0000  VDWAALS    =     13787.4315
 EELEC  =    -92652.2316  EHBOND  =         0.0000  RESTRAINT  =      1343.7342
 EAMBER (non-restraint)  =    -72564.6161
 Ewald error estimate:   0.3756E-04
 ------------------------------------------------------------------------------


 NSTEP =     2000   TIME(PS) =    5412.000  TEMP(K) =   278.93  PRESS =     0.0
 Etot   =    -56582.7265  EKtot   =     14486.8075  EPtot      =    -71069.5340
 BOND   =       849.5076  ANGLE   =       591.2269  DIHED      =       487.6451
 1-4 NB =      4439.6001  1-4 EEL =         0.0000  VDWAALS    =     13852.8388
 EELEC  =    -92645.8404  EHBOND  =         0.0000  RESTRAINT  =      1355.4878
 EAMBER (non-restraint)  =    -72425.0218
 Ewald error estimate:   0.6206E-04
 ------------------------------------------------------------------------------


 NSTEP =     2500   TIME(PS) =    5412.500  TEMP(K) =   285.14  PRESS =     0.0
 Etot   =    -56417.0948  EKtot   =     14809.1796  EPtot      =    -71226.2744
 BOND   =       847.2406  ANGLE   =       615.8447  DIHED      =       466.8044
 1-4 NB =      4443.6112  1-4 EEL =         0.0000  VDWAALS    =     13877.4751
 EELEC  =    -92831.8963  EHBOND  =         0.0000  RESTRAINT  =      1354.6459
 EAMBER (non-restraint)  =    -72580.9203
 Ewald error estimate:   0.1320E-04
 ------------------------------------------------------------------------------


 NSTEP =     3000   TIME(PS) =    5413.000  TEMP(K) =   281.41  PRESS =     0.0
 Etot   =    -56652.3603  EKtot   =     14615.4774  EPtot      =    -71267.8377
 BOND   =       857.6572  ANGLE   =       612.9215  DIHED      =       489.9559
 1-4 NB =      4439.7534  1-4 EEL =         0.0000  VDWAALS    =     13886.8361
 EELEC  =    -92951.0741  EHBOND  =         0.0000  RESTRAINT  =      1396.1123
 EAMBER (non-restraint)  =    -72663.9500
 Ewald error estimate:   0.1000E-03
 ------------------------------------------------------------------------------


 NSTEP =     3500   TIME(PS) =    5413.500  TEMP(K) =   279.43  PRESS =     0.0
 Etot   =    -56572.6259  EKtot   =     14512.6119  EPtot      =    -71085.2377
 BOND   =       855.8045  ANGLE   =       630.9398  DIHED      =       477.7920
 1-4 NB =      4437.8288  1-4 EEL =         0.0000  VDWAALS    =     14181.6954
 EELEC  =    -93084.0722  EHBOND  =         0.0000  RESTRAINT  =      1414.7741
 EAMBER (non-restraint)  =    -72500.0118
 Ewald error estimate:   0.6771E-04
 ------------------------------------------------------------------------------


 NSTEP =     4000   TIME(PS) =    5414.000  TEMP(K) =   278.74  PRESS =     0.0
 Etot   =    -56593.3707  EKtot   =     14477.0251  EPtot      =    -71070.3958
 BOND   =       808.7398  ANGLE   =       615.6091  DIHED      =       493.5206
 1-4 NB =      4436.9617  1-4 EEL =         0.0000  VDWAALS    =     14141.0575
 EELEC  =    -92960.3941  EHBOND  =         0.0000  RESTRAINT  =      1394.1095
 EAMBER (non-restraint)  =    -72464.5053
 Ewald error estimate:   0.1595E-04
 ------------------------------------------------------------------------------


 NSTEP =     4500   TIME(PS) =    5414.500  TEMP(K) =   280.56  PRESS =     0.0
 Etot   =    -56492.0961  EKtot   =     14571.6946  EPtot      =    -71063.7907
 BOND   =       833.9456  ANGLE   =       616.3947  DIHED      =       479.9949
 1-4 NB =      4445.6505  1-4 EEL =         0.0000  VDWAALS    =     14078.5104
 EELEC  =    -92924.9871  EHBOND  =         0.0000  RESTRAINT  =      1406.7003
 EAMBER (non-restraint)  =    -72470.4910
 Ewald error estimate:   0.8210E-04
 ------------------------------------------------------------------------------


 NSTEP =     5000   TIME(PS) =    5415.000  TEMP(K) =   280.84  PRESS =     0.0
 Etot   =    -56525.8556  EKtot   =     14585.8995  EPtot      =    -71111.7551
 BOND   =       837.3219  ANGLE   =       612.3778  DIHED      =       475.3251
 1-4 NB =      4438.7831  1-4 EEL =         0.0000  VDWAALS    =     13970.3145
 EELEC  =    -92812.5729  EHBOND  =         0.0000  RESTRAINT  =      1366.6954
 EAMBER (non-restraint)  =    -72478.4505
 Ewald error estimate:   0.1405E-03
 ------------------------------------------------------------------------------


 NSTEP =     5500   TIME(PS) =    5415.500  TEMP(K) =   281.21  PRESS =     0.0
 Etot   =    -56611.9646  EKtot   =     14605.3029  EPtot      =    -71217.2675
 BOND   =       807.5038  ANGLE   =       601.9833  DIHED      =       487.9856
 1-4 NB =      4440.9916  1-4 EEL =         0.0000  VDWAALS    =     13847.8351
 EELEC  =    -92852.5709  EHBOND  =         0.0000  RESTRAINT  =      1449.0040
 EAMBER (non-restraint)  =    -72666.2715
 Ewald error estimate:   0.3508E-04
 ------------------------------------------------------------------------------


 NSTEP =     6000   TIME(PS) =    5416.000  TEMP(K) =   279.26  PRESS =     0.0
 Etot   =    -56811.1356  EKtot   =     14503.7683  EPtot      =    -71314.9039
 BOND   =       799.4262  ANGLE   =       605.5620  DIHED      =       500.2709
 1-4 NB =      4438.8017  1-4 EEL =         0.0000  VDWAALS    =     13911.8564
 EELEC  =    -92953.3620  EHBOND  =         0.0000  RESTRAINT  =      1382.5408
 EAMBER (non-restraint)  =    -72697.4447
 Ewald error estimate:   0.5346E-05
 ------------------------------------------------------------------------------


 NSTEP =     6500   TIME(PS) =    5416.500  TEMP(K) =   278.30  PRESS =     0.0
 Etot   =    -56820.3518  EKtot   =     14454.3690  EPtot      =    -71274.7209
 BOND   =       818.8601  ANGLE   =       601.4873  DIHED      =       485.9469
 1-4 NB =      4441.0211  1-4 EEL =         0.0000  VDWAALS    =     13927.5916
 EELEC  =    -92977.6690  EHBOND  =         0.0000  RESTRAINT  =      1428.0412
 EAMBER (non-restraint)  =    -72702.7621
 Ewald error estimate:   0.1577E-03
 ------------------------------------------------------------------------------


 NSTEP =     7000   TIME(PS) =    5417.000  TEMP(K) =   282.10  PRESS =     0.0
 Etot   =    -56630.9083  EKtot   =     14651.2666  EPtot      =    -71282.1749
 BOND   =       845.6232  ANGLE   =       599.6436  DIHED      =       492.5346
 1-4 NB =      4442.3192  1-4 EEL =         0.0000  VDWAALS    =     13978.8530
 EELEC  =    -93004.4880  EHBOND  =         0.0000  RESTRAINT  =      1363.3395
 EAMBER (non-restraint)  =    -72645.5144
 Ewald error estimate:   0.5676E-04
 ------------------------------------------------------------------------------


 NSTEP =     7500   TIME(PS) =    5417.500  TEMP(K) =   277.94  PRESS =     0.0
 Etot   =    -56475.2723  EKtot   =     14435.6687  EPtot      =    -70910.9410
 BOND   =       837.1209  ANGLE   =       637.0225  DIHED      =       493.6683
 1-4 NB =      4441.5401  1-4 EEL =         0.0000  VDWAALS    =     13769.1020
 EELEC  =    -92487.4508  EHBOND  =         0.0000  RESTRAINT  =      1398.0560
 EAMBER (non-restraint)  =    -72308.9970
 Ewald error estimate:   0.7825E-04
 ------------------------------------------------------------------------------


 NSTEP =     8000   TIME(PS) =    5418.000  TEMP(K) =   281.45  PRESS =     0.0
 Etot   =    -56324.7965  EKtot   =     14617.7072  EPtot      =    -70942.5037
 BOND   =       838.7397  ANGLE   =       620.0258  DIHED      =       491.8717
 1-4 NB =      4437.6090  1-4 EEL =         0.0000  VDWAALS    =     13858.2719
 EELEC  =    -92597.1441  EHBOND  =         0.0000  RESTRAINT  =      1408.1223
 EAMBER (non-restraint)  =    -72350.6261
 Ewald error estimate:   0.8749E-04
 ------------------------------------------------------------------------------


 NSTEP =     8500   TIME(PS) =    5418.500  TEMP(K) =   278.61  PRESS =     0.0
 Etot   =    -56512.1667  EKtot   =     14470.1703  EPtot      =    -70982.3370
 BOND   =       867.2573  ANGLE   =       601.6792  DIHED      =       492.7057
 1-4 NB =      4438.0495  1-4 EEL =         0.0000  VDWAALS    =     13838.9230
 EELEC  =    -92596.1689  EHBOND  =         0.0000  RESTRAINT  =      1375.2173
 EAMBER (non-restraint)  =    -72357.5542
 Ewald error estimate:   0.1703E-03
 ------------------------------------------------------------------------------


 NSTEP =     9000   TIME(PS) =    5419.000  TEMP(K) =   281.18  PRESS =     0.0
 Etot   =    -56429.4818  EKtot   =     14603.6368  EPtot      =    -71033.1186
 BOND   =       872.4246  ANGLE   =       634.1659  DIHED      =       474.2351
 1-4 NB =      4442.5433  1-4 EEL =         0.0000  VDWAALS    =     14057.8204
 EELEC  =    -92890.0331  EHBOND  =         0.0000  RESTRAINT  =      1375.7252
 EAMBER (non-restraint)  =    -72408.8438
 Ewald error estimate:   0.1090E-03
 ------------------------------------------------------------------------------


 NSTEP =     9500   TIME(PS) =    5419.500  TEMP(K) =   278.68  PRESS =     0.0
 Etot   =    -56611.3496  EKtot   =     14474.0766  EPtot      =    -71085.4263
 BOND   =       844.9697  ANGLE   =       618.7557  DIHED      =       472.2399
 1-4 NB =      4440.6088  1-4 EEL =         0.0000  VDWAALS    =     14084.6509
 EELEC  =    -92907.3587  EHBOND  =         0.0000  RESTRAINT  =      1360.7073
 EAMBER (non-restraint)  =    -72446.1335
 Ewald error estimate:   0.3635E-04
 ------------------------------------------------------------------------------


 NSTEP =    10000   TIME(PS) =    5420.000  TEMP(K) =   281.29  PRESS =     0.0
 Etot   =    -56598.7837  EKtot   =     14609.6427  EPtot      =    -71208.4263
 BOND   =      1114.2514  ANGLE   =       813.7465  DIHED      =       695.7751
 1-4 NB =      4450.5829  1-4 EEL =         0.0000  VDWAALS    =     13850.7230
 EELEC  =    -92771.3114  EHBOND  =         0.0000  RESTRAINT  =       637.8061
 EAMBER (non-restraint)  =    -71846.2324
 Ewald error estimate:   0.2172E-04
 ------------------------------------------------------------------------------


      A V E R A G E S   O V E R   10000 S T E P S


 NSTEP =    10000   TIME(PS) =    5420.000  TEMP(K) =   278.93  PRESS =     0.0
 Etot   =    -56688.0142  EKtot   =     14486.9065  EPtot      =    -71174.9207
 BOND   =       818.5647  ANGLE   =       602.7994  DIHED      =       476.4450
 1-4 NB =      4440.5839  1-4 EEL =         0.0000  VDWAALS    =     13956.1607
 EELEC  =    -92823.3811  EHBOND  =         0.0000  RESTRAINT  =      1353.9068
 EAMBER (non-restraint)  =    -72528.8275
 Ewald error estimate:   0.7694E-04
 ------------------------------------------------------------------------------


      R M S  F L U C T U A T I O N S


 NSTEP =    10000   TIME(PS) =    5420.000  TEMP(K) =     2.99  PRESS =     0.0
 Etot   =       289.5109  EKtot   =       155.4015  EPtot      =       173.5681
 BOND   =        29.7341  ANGLE   =        20.6250  DIHED      =        21.8470
 1-4 NB =         2.6500  1-4 EEL =         0.0000  VDWAALS    =       130.4312
 EELEC  =       181.6618  EHBOND  =         0.0000  RESTRAINT  =        89.0603
 EAMBER (non-restraint)  =        84.5078
 Ewald error estimate:   0.5922E-04
 ------------------------------------------------------------------------------


--------------------------------------------------------------------------------
   5.  TIMINGS
--------------------------------------------------------------------------------

|                Build the list           263.64 (98.72% of List )
|                Other                      3.41 ( 1.28% of List )
|             List time                267.05 ( 4.75% of Nonbo)
|                   Short_ene time          4597.91 (99.36% of Direc)
|                   Other                     29.39 ( 0.64% of Direc)
|                Direct Ewald time       4627.30 (86.38% of Ewald)
|                Adjust Ewald time         31.46 ( 0.59% of Ewald)
|                   Fill Bspline coeffs       33.05 ( 4.80% of Recip)
|                   Fill charge grid         155.82 (22.62% of Recip)
|                   Scalar sum                66.22 ( 9.61% of Recip)
|                   Grad sum                 231.84 (33.66% of Recip)
|                   FFT time                 201.77 (29.30% of Recip)
|                   Other                      0.05 ( 0.01% of Recip)
|                Recip Ewald time         688.74 (12.86% of Ewald)
|                Force Adjust               1.47 ( 0.03% of Ewald)
|                Virial junk                1.05 ( 0.02% of Ewald)
|                Other                      6.59 ( 0.12% of Ewald)
|             Ewald time              5356.72 (95.25% of Nonbo)
|          Nonbond force           5623.80 (99.38% of Force)
|          Bond/Angle/Dihedral       32.74 ( 0.58% of Force)
|          Other                      2.19 ( 0.04% of Force)
|       Force time              5658.74 (96.16% of Runmd)
|       Shake time                17.75 ( 0.30% of Runmd)
|       Verlet update time       205.36 ( 3.49% of Runmd)
|       Other                      2.98 ( 0.05% of Runmd)
|    Runmd Time              5884.83 (100.0% of Total)
|    Other                      0.46 ( 0.01% of Total)
| Total time              5885.35 (100.0% of ALL  )

| Highest rstack allocated:    1224350
| Highest istack allocated:      24736

| Final Performance Info:
| -----------------------------------------------------
| Average timings for all steps:
|     Elapsed(s) =    5884.83 Per Step(ms) =     588.48
|         ns/day =       0.15   seconds/ns =  588482.91
| -----------------------------------------------------

|           Job began  at 13:21:27.433  on 07/28/2016
|           Setup done at 13:21:27.974  on 07/28/2016
|           Run   done at 14:59:32.803  on 07/28/2016
|     wallclock() was called  441073 times
