program to calculate H Bond distribution during transition

2800    700888
2803    819608
2803    859688
2803    862848
2803    876148
2818    901308
2818    910908
2821    640948
2833    516328
2833    516728
2833    571048
2833    576748
2833    603768
2833    604728
2833    625528
2833    626148
2833    643008
2833    653688
2833    655428
2833    661308
2833    680528
2833    680768
2833    689408
2833    692168
2833    699388
2836    381200
2836    381680
2836    409800
2836    440400
2836    441520
2839    724368
2839    726648
2851    581528
2857    512068
2857    535408
2857    577268
2857    584648
2857    592908
2857    593128
2857    601648
2857    621428
2857    667208
2857    669988
2857    670208
2857    762328
2857    772628
2857    775568
2857    779728
2857    815728
2857    826508
2857    833468
2857    837448
2857    837988
2857    841848
2857    915608
2857    930248
2857    945728
2857    983448
2857    985228
2857    985648
2857    987548
2860    532268
2860    532568
2860    543028
2860    573308
2860    595668
2860    597688
2860    599408
2860    608408
2860    622488
2860    660388
2860    699948
2860    714848
2860    772768
2860    807968
2860    887608
2860    888468
2860    916248
2860    919828
2860    932628
2860    970488
2860    971848
2872    381120
2872    381580
2872    401140
2872    406540
2872    423660
2872    434360
2872    435640
2872    436260
2872    456140
2872    475820
ERROR! The step is larger than the total frame: 48 : 6316
program to calculate H Bond distribution during transition

2800    700888
2803    819608
2803    859688
2803    862848
2803    876148
2818    901308
2818    910908
2821    640948
2833    516328
2833    516728
2833    571048
2833    576748
2833    603768
2833    604728
2833    625528
2833    626148
2833    643008
2833    653688
2833    655428
2833    661308
2833    680528
2833    680768
2833    689408
2833    692168
2833    699388
2836    381200
2836    381680
2836    409800
2836    440400
2836    441520
2839    724368
2839    726648
2851    581528
2857    512068
2857    535408
2857    577268
2857    584648
2857    592908
2857    593128
2857    601648
2857    621428
2857    667208
2857    669988
2857    670208
2857    762328
2857    772628
2857    775568
2857    779728
2857    815728
2857    826508
2857    833468
2857    837448
2857    837988
2857    841848
2857    915608
2857    930248
2857    945728
2857    983448
2857    985228
2857    985648
2857    987548
2860    532268
2860    532568
2860    543028
2860    573308
2860    595668
2860    597688
2860    599408
2860    608408
2860    622488
2860    660388
2860    699948
2860    714848
2860    772768
2860    807968
2860    887608
2860    888468
2860    916248
2860    919828
2860    932628
2860    970488
2860    971848
2872    381120
2872    381580
2872    401140
2872    406540
2872    423660
2872    434360
2872    435640
2872    436260
2872    456140
2872    475820
2872    481268
2872    482828
2872    482988
2872    502308
2872    503828
2872    504088
2872    527788
2872    588068
2872    615148
2872    625528
2872    630088
2872    635568
2872    655628
2872    690268
2872    694028
2872    695128
2872    703568
2872    742948
2872    767228
2896    606868
2896    615528
2896    622708
2896    624008
2896    624568
2896    624888
2896    625488
2896    629288
2896    661088
2896    691108
2896    693828
2896    701368
2896    711968
2896    713288
2896    714448
2896    715348
2896    719768
2896    746468
2896    746968
2896    748288
2896    748788
2896    753208
2896    758768
2896    761868
2896    767668
2896    768048
2896    774808
2896    780548
2896    782808
2896    837648
2923    792468
2923    795328
2923    795648
2923    830548
2923    831428
2923    831948
2923    843948
2923    866328
2923    941188
2923    943808
2923    944988
2935    381780
2935    396120
2935    453680
2935    484428
2935    485948
2935    537628
2935    569508
2935    579988
2935    582088
2935    602468
2935    654808
2935    691508
2935    707748
2935    725928
2935    737868
2935    738768
2935    745308
2935    748808
2935    749508
2935    892148
2935    895408
2935    992528
2938    704648
2938    707408
2947    676168
2947    677688
2956    736508
2956    738948
2956    739308
2956    741848
2956    770628
2956    775188
2956    780868
program to calculate H Bond distribution during transition

2800    700888
2803    819608
2803    859688
2803    862848
2803    876148
2818    901308
2818    910908
2821    640948
2833    516328
2833    516728
2833    571048
2833    576748
2833    603768
2833    604728
2833    625528
2833    626148
2833    643008
2833    653688
2833    655428
2833    661308
2833    680528
2833    680768
2833    689408
2833    692168
2833    699388
2836    381200
2836    381680
2836    409800
2836    440400
2836    441520
2839    724368
2839    726648
2851    581528
2857    512068
2857    535408
2857    577268
2857    584648
2857    592908
2857    593128
2857    601648
2857    621428
2857    667208
2857    669988
2857    670208
2857    762328
2857    772628
2857    775568
2857    779728
2857    815728
2857    826508
2857    833468
2857    837448
2857    837988
2857    841848
2857    915608
2857    930248
2857    945728
2857    983448
2857    985228
2857    985648
2857    987548
2860    532268
2860    532568
2860    543028
2860    573308
2860    595668
2860    597688
2860    599408
2860    608408
2860    622488
2860    660388
2860    699948
2860    714848
2860    772768
2860    807968
2860    887608
2860    888468
2860    916248
2860    919828
2860    932628
2860    970488
2860    971848
2872    381120
2872    381580
2872    401140
2872    406540
2872    423660
2872    434360
2872    435640
2872    436260
2872    456140
2872    475820
2872    481268
2872    482828
2872    482988
2872    502308
2872    503828
2872    504088
2872    527788
2872    588068
2872    615148
2872    625528
2872    630088
2872    635568
2872    655628
2872    690268
2872    694028
2872    695128
2872    703568
2872    742948
2872    767228
2896    606868
2896    615528
2896    622708
2896    624008
2896    624568
2896    624888
2896    625488
2896    629288
2896    661088
2896    691108
2896    693828
2896    701368
2896    711968
2896    713288
2896    714448
2896    715348
2896    719768
2896    746468
2896    746968
2896    748288
2896    748788
2896    753208
2896    758768
2896    761868
2896    767668
2896    768048
2896    774808
2896    780548
2896    782808
2896    837648
2923    792468
2923    795328
2923    795648
2923    830548
2923    831428
2923    831948
2923    843948
2923    866328
2923    941188
2923    943808
2923    944988
2935    381780
2935    396120
2935    453680
2935    484428
2935    485948
2935    537628
2935    569508
2935    579988
2935    582088
2935    602468
2935    654808
2935    691508
2935    707748
2935    725928
2935    737868
2935    738768
2935    745308
2935    748808
2935    749508
2935    892148
2935    895408
2935    992528
2938    704648
2938    707408
2947    676168
2947    677688
2956    736508
2956    738948
2956    739308
2956    741848
2956    770628
2956    775188
2956    780868
2956    813308
2956    821928
2956    825488
2956    833308
2956    837168
2956    864348
2959    525888
2959    613408
2959    635128
2959    637548
2959    651468
2959    652248
2959    668228
2959    677808
2959    687628
2959    688428
2959    692828
2959    766528
2959    786208
2959    814768
2959    832568
2959    863788
2977    542128
2977    555288
2977    560168
2977    562168
2977    563288
2977    582368
2977    615428
2986    408160
2986    415020
2986    419620
2986    432220
2986    435360
2986    441540
2986    441720
2998    713548
2998    715008
2998    734688
2998    773608
2998    798908
2998    804908
2998    810548
2998    813328
2998    828268
2998    846328
2998    872168
2998    894048
2998    915508
2998    930788
2998    977228
2998    995568
2998    995808
3025    778608
3025    809668
3031    457380
3031    476760
3031    485188
3031    522568
3031    523048
3031    536488
3031    625868
3031    626268
3031    644968
3031    669028
3031    671568
3031    698988
3031    732548
3031    800408
3031    800568
3058    641888
3058    685568
3058    777848
3085    428960
3085    446560
3085    446920
3085    450180
3085    454960
3085    473540
3085    478240
3085    496088
3085    509208
3085    545908
3085    572088
3085    607348
3085    609668
3085    734448
3085    742188
3085    755488
3115    740008
3115    740748
3115    857908
3115    884148
3115    884648
3115    889228
3115    898288
3115    919868
3115    931768
3115    937688
3115    939908
3115    948848
3127    597008
3127    670588
3127    694228
3127    717288
3127    763988
3127    780808
3127    799028
3127    811148
3127    864828
3127    887768
3130    378480
3130    380140
3130    411360
3130    417840
3130    426640
3130    490248
3130    598788
3130    599648
3130    622368
3130    637848
3130    647448
3130    652028
3130    655828
3130    657808
3130    694188
3151    920288
3151    931568
3151    937728
3151    939588
3151    958548
3151    959948
3151    972828
3154    491868
3154    544828
3154    546228
3154    555468
3154    556788
3154    558768
3154    559088
3154    618448
3154    621488
3154    650988
3154    670448
3154    700908
3154    723608
3154    725088
3154    734648
3154    773388
3154    809068
3154    810188
3169    844888
3169    847368
3169    848608
3169    849588
3172    374240
3172    404320
3178    697528
3178    698848
3196    647588
3196    649588
3199    495688
3199    496088
3199    512008
3202    998908
3223    385340
3223    412780
3223    494528
3223    509268
3223    601228
3223    615888
3223    617888
3223    657988
3223    791928
3223    856428
3223    860228
3223    866848
3223    880248
3223    906728
3223    920488
3223    945588
3223    972028
3223    972168
3223    985408
3250    373100
3250    398260
3250    398820
3250    450260
3250    453600
3250    580448
3250    622268
3250    624568
3250    625488
3250    628248
3250    658188
3250    659668
3250    669148
3250    694728
3250    743208
3250    744128
3250    744928
3253    467320
3253    469160
3253    561308
3253    633388
3253    671648
3253    678988
3253    701308
3253    708708
3253    709188
3253    740968
3253    749948
3253    754208
3253    757748
3253    758008
3253    800648
3253    815668
3253    816048
3265    374920
3265    435300
3268    447300
3274    924348
3274    927888
3274    928728
3274    991188
3277    370760
3301    904348
3301    916688
3301    920108
3301    921168
3301    926428
3301    927268
3301    929108
3301    931128
3313    833988
3313    835348
3313    981768
3313    993688
3322    591588
3334    692128
3334    915268
3334    957668
3334    965828
3337    869088
3337    885068
3337    897148
3337    903928
3358    790748
3358    791128
3358    796068
3358    797648
3358    799608
3358    801368
3358    802048
3358    802568
3358    802688
3358    803388
3358    805588
3358    807648
3358    808828
3358    811448
3358    813808
3358    815388
3358    818688
3358    823628
3358    871288
3358    881008
3358    903388
3358    908548
3358    950228
3358    974928
3358    993628
3370    763688
3370    765808
3370    767448
3370    768608
3370    775108
3370    783228
3370    788768
3370    793208
3370    822308
3370    833468
3370    847808
3370    886988
3370    888588
3370    917228
3370    920248
3370    927948
3370    931128
3370    937728
3370    940268
3370    943488
3370    943808
3370    947188
3370    949128
3370    955648
3370    981528
3370    982268
3373    377280
3373    777668
3373    793568
3373    796228
3373    811048
3388    830708
3397    679528
3397    680328
3397    680548
3397    683728
3397    711188
3397    724048
3397    725768
3397    726328
3397    739608
3397    741028
3397    744268
3397    761468
3397    762208
3397    762848
3397    764148
3397    769328
3397    769888
3397    788088
3397    808388
3397    809288
3397    809788
3397    810568
3397    810768
3397    810968
3397    811368
3397    817408
3397    826888
3397    836588
3397    836948
3397    853768
3397    859588
3397    860268
3397    861488
3397    861888
3397    862808
3397    863388
3397    863968
3397    908308
3403    928068
3415    501848
3415    518648
3433    823448
3457    676348
3463    375640
3463    405020
3463    405340
3463    407320
3463    469580
3463    523928
3463    545568
3463    588488
3463    600068
3463    611368
3463    614168
3463    619108
3463    650068
3469    708488
3472    937128
3472    946748
3472    957908
3472    982288
3472    993688
3478    508048
3478    581948
3478    582228
3478    584888
3478    585228
3478    591948
3478    615128
3478    659248
3478    668948
3478    702768
3478    703048
3478    712088
3478    712208
3478    715048
3478    720008
3478    753788
3478    757288
3487    842988
3487    853688
3487    855308
3487    861648
3487    863608
3487    865228
3487    870008
3487    871828
3487    873768
3487    874768
3487    880828
3487    883648
3487    889688
3490    752468
3490    771368
3490    771848
3490    779628
3490    782408
3490    798508
3490    880288
3490    887788
3490    909728
3514    456120
3535    487228
3535    489608
3535    514108
3535    612268
3538    416540
3538    513288
3538    517908
3538    519168
3538    525468
3538    532568
3538    544468
3538    615388
3538    620708
3538    631888
3541    553468
3541    556468
3541    556928
3541    582368
3541    610508
3541    624388
3541    624588
3541    647108
3541    649108
3541    726508
3541    739468
3541    741608
3541    818928
3541    824908
3541    836328
3541    866588
3541    866868
3541    868868
3541    911448
3541    927208
3544    545088
3544    587588
3544    588628
3544    614108
3544    625068
3544    625268
3553    896488
3553    927688
3553    994588
3559    458560
3559    466540
3559    472280
3559    474120
3559    561428
3559    562708
3559    563708
3559    579188
3565    440600
3565    441080
3565    459000
3565    506548
3565    519988
3565    521048
3565    527228
3565    527508
3565    537968
3565    618868
3565    641588
3565    642628
3565    644088
3565    661048
3565    661808
3565    688448
3565    712508
3565    714288
3565    726648
3565    727228
3565    744308
3571    521108
3571    529588
3571    585888
3571    635368
3571    635968
3571    641128
3571    663548
3571    672768
3571    673448
3571    674088
3571    676728
3571    683148
3571    683248
3571    683548
3571    690428
3571    690648
3574    484028
3574    485848
3574    488528
3574    540448
3574    544548
3574    634588
3574    636888
3574    641968
3574    663008
3574    663688
3574    668328
3574    668448
3574    676768
3574    718708
3574    738768
3574    744068
3574    771088
3574    781368
3574    782908
3574    783108
3574    784988
3574    786008
3574    807768
3574    812468
3574    839308
3574    868308
3574    890288
3574    906148
3574    921768
3583    847868
3583    897788
3583    904388
3583    913148
3583    975548
3583    975688
3583    981568
3583    982468
3583    986308
3586    805848
3586    811148
3586    816448
3586    853608
3586    868648
3586    880028
3586    880668
3586    883188
3586    903948
3586    943628
3586    954768
program to calculate H Bond distribution during transition

2800    700888
2803    819608
2803    859688
2803    862848
2803    876148
2818    901308
2818    910908
2821    640948
2833    516328
2833    516728
2833    571048
2833    576748
2833    603768
2833    604728
2833    625528
2833    626148
program to calculate distribution during transition

2833    643008
Z_UP: 20.8211
Z_DOWN: 11.2711
X_UP: 53.4407
X_DOWN: 33.4407
Y_UP: 52.9517
Y_DOWN: 32.9517
2800
2833    653688
2803
2803
2833    655428
2803
2803
2833    661308
2818
2818
2821
2833
2833
2833    680528
2833
2833    680768
2833
2833
2833
2833
2833
2833
2833
2833
2833
2833
2833
2833
2833
2833    689408
2833
2836
2833    692168
2836
2836
2836
2833    699388
2836
2839
2839
2851
2836    381200
2857
2857
2857
2836    381680
2857
2857
2836    409800
2857
2857
2857
2857
2836    440400
2857
2857
2836    441520
2857
2857
2857
2857
2857
2839    724368
2857
2857
2857
2839    726648
2857
2857
2857
2857
2857
2857
2857
2851    581528
2857
2857
2857    512068
2860
2860
2860
2860
2860
2860
2860
2857    535408
2860
2857    577268
2860
2860
2860
2860
2860
2860
2860
2857    584648
2860
2860
2860
2860
2857    592908
2860
2857    593128
2872
2872
2872
2872
2872
2872
2872
2872
2872
2872
2857    601648
2872
2872
2872
2872
2872
2872
2872
2872
2872
2857    621428
2872
2872
2872
2872
2872
2872
2872
2857    667208
2872
2872
2872
2896
2896
2896
2896
2896
2857    669988
2896
2896
2896
2857    670208
2896
2896
2896
2896
2857    762328
2896
2896
2857    772628
2896
2896
2896
2896
2896
2896
2896
2857    775568
2896
2896
2896
2896
2896
2896
2896
2923
2923
2923
2923
2923
2923
2923
2923
2923
2923
2857    779728
2935
2935
2935
2935
2857    815728
2935
2935
2857    826508
2935
2857    833468
2935
2935
2935
2935
2935
2935
2935
2935
2857    837448
2935
2935
2935
2935
2935
2935
2857    837988
2935
2938
2938
2947
2947
2956
2956
2857    841848
2956
2956
2956
2956
2857    915608
2956
2956
2956
2857    930248
2956
2956
2956
2959
2959
2959
2959
2857    945728
2959
2959
2959
2959
2959
2959
2959
2959
2959
2857    983448
2959
2959
2977
2857    985228
2977
2977
2977
2857    985648
2977
2977
2977
2986
2986
2986
2986
2986
2986
2986
2998
2998
2998
2998
2998
2998
2998
2998
2998
2998
2998
2998
2998
2857    987548
2998
2998
2860    532268
2998
3025
3025
2860    532568
3031
3031
3031
3031
3031
3031
3031
3031
3031
2860    543028
3031
3031
3031
3031
3031
3031
3058
3058
3058
3085
3085
3085
3085
3085
2860    573308
3085
3085
2860    595668
3085
3085
3085
3085
3085
3085
2860    597688
3085
3085
3115
3115
3115
3115
2860    599408
3115
3115
3115
3115
3115
3115
3115
3115
3127
3127
3127
2860    608408
3127
3127
3127
3127
3127
3127
3127
3130
3130
3130
3130
3130
2860    622488
2860    660388
3130
3130
3130
3130
2860    699948
3130
3130
3130
3130
3130
3130
3151
3151
3151
3151
3151
3151
3151
3154
3154
3154
3154
3154
2860    714848
3154
3154
3154
3154
3154
3154
3154
3154
3154
3154
2860    772768
3154
3154
3154
3169
3169
2860    807968
3169
3172
3172
3178
3178
2860    887608
2860    888468
3196
3196
3199
3199
3202
3223
3223
3223
3223
3223
3223
3223
3223
2860    916248
3223
