
          -------------------------------------------------------
          Amber 14 SANDER                              2014
          -------------------------------------------------------

| Run on 03/16/2017 at 13:44:13

|   Executable path: sander
| Working directory: /media/cxx/disk3/data_water_in_graphene/280k/9a5/enthaply/222
|          Hostname: Unknown
  [-O]verwriting output

File Assignments:
|  MDIN: NVT.in                                                                
| MDOUT: wat_c_9a5_3500.out                                                    
|INPCRD: wat_c_9a5_3500.rst7                                                   
|  PARM: wat_c.parm7                                                           
|RESTRT: restrt                                                                
|  REFC: refc                                                                  
| MDVEL: mdvel                                                                 
| MDFRC: mdfrc                                                                 
|  MDEN: mden                                                                  
| MDCRD: mdcrd                                                                 
|MDINFO: mdinfo                                                                
|  MTMD: mtmd                                                                  
|INPDIP: inpdip                                                                
|RSTDIP: rstdip                                                                
|INPTRA: inptraj                                                               

 
 Here is the input file:
 
NPT 20nsMD                                                                     
 &cntrl                                                                        
  imin = 0, irest = 0, ntx = 1,                                                
  ntb = 1, pres0 = 0,                                                          
  cut = 10, ntr = 0,                                                           
  ntc = 2, ntf = 2,                                                            
  tempi = 280.0, temp0 = 280.0,                                                
  ntt = 3, gamma_ln = 1.0,                                                     
  nstlim = 0, dt = 0.002,                                                      
  ntpr = 500, ntwx = 1, ntwr = 1000,                                           
  nscm = 500, ioutfm = 1, iwrap = 1                                            
 /                                                                             
#Hold the CNT fixed                                                            
#500.0                                                                         
#RES 1 2                                                                       
END                                                                            
END                                                                            

--------------------------------------------------------------------------------
   1.  RESOURCE   USE: 
--------------------------------------------------------------------------------

| Flags:                                                                        
 getting new box info from bottom of inpcrd
|  INFO: Old style inpcrd file read

| peek_ewald_inpcrd: Box info found
|Largest sphere to fit in unit cell has radius =    16.110
| New format PARM file being parsed.
| Version =    1.000 Date = 03/16/17 Time = 13:43:06
 NATOM  =   23773 NTYPES =       3 NBONH =   20973 MBONA  =    4094
 NTHETH =       0 MTHETA =    7980 NPHIH =       0 MPHIA  =   15602
 NHPARM =       0 NPARM  =       0 NNB   =   51754 NRES   =    6993
 NBONA  =    4094 NTHETA =    7980 NPHIA =   15602 NUMBND =       8
 NUMANG =       7 NPTRA  =       1 NATYP =       7 NPHB   =       1
 IFBOX  =       1 NMXRS  =    1400 IFCAP =       0 NEXTRA =       0
 NCOPY  =       0


|     Memory Use     Allocated
|     Real             1662317
|     Hollerith          78314
|     Integer          1355418
|     Max Pairs       13693248
|     nblistReal        285276
|     nblist Int        923201
|       Total            77911 kbytes

| Note: 1-4 EEL scale factors are being read from the topology file.

| Note: 1-4 VDW scale factors are being read from the topology file.
| Duplicated    0 dihedrals
| Duplicated    0 dihedrals

     BOX TYPE: RECTILINEAR

--------------------------------------------------------------------------------
   2.  CONTROL  DATA  FOR  THE  RUN
--------------------------------------------------------------------------------

default_name                                                                    

General flags:
     imin    =       0, nmropt  =       0

Nature and format of input:
     ntx     =       1, irest   =       0, ntrx    =       1

Nature and format of output:
     ntxo    =       1, ntpr    =     500, ntrx    =       1, ntwr    =    1000
     iwrap   =       1, ntwx    =       1, ntwv    =       0, ntwe    =       0
     ioutfm  =       1, ntwprt  =       0, idecomp =       0, rbornstat=      0

Potential function:
     ntf     =       2, ntb     =       1, igb     =       0, nsnb    =      25
     ipol    =       0, gbsa    =       0, iesp    =       0
     dielc   =   1.00000, cut     =  10.00000, intdiel =   1.00000

Frozen or restrained atoms:
     ibelly  =       0, ntr     =       0

Molecular dynamics:
     nstlim  =         0, nscm    =       500, nrespa  =         1
     t       =   0.00000, dt      =   0.00200, vlimit  =  20.00000

Langevin dynamics temperature regulation:
     ig      =   71277
     temp0   = 280.00000, tempi   = 280.00000, gamma_ln=   1.00000

SHAKE:
     ntc     =       2, jfastw  =       0
     tol     =   0.00001

Ewald parameters:
     verbose =       0, ew_type =       0, nbflag  =       1, use_pme =       1
     vdwmeth =       1, eedmeth =       1, netfrc  =       1
     Box X =   87.036   Box Y =   85.967   Box Z =   32.220
     Alpha =   90.000   Beta  =   90.000   Gamma =   90.000
     NFFT1 =   90       NFFT2 =   90       NFFT3 =   32
     Cutoff=   10.000   Tol   =0.100E-04
     Ewald Coefficient =  0.27511
     Interpolation order =    4

--------------------------------------------------------------------------------
   3.  ATOMIC COORDINATES AND VELOCITIES
--------------------------------------------------------------------------------

default_name                                                                    
 begin time read from input coords =     0.000 ps

 Number of triangulated 3-point waters found:     6991

     Sum of charges from parm topology file =   0.00000000
     Forcing neutrality...

--------------------------------------------------------------------------------
   4.  RESULTS
--------------------------------------------------------------------------------

|  # of SOLUTE  degrees of freedom (RNDFP):   50346.
|  # of SOLVENT degrees of freedom (RNDFS):       0.
|  NDFMIN =   50346.     NUM_NOSHAKE =      0     CORRECTED RNDFP =   50346.
|  TOTAL # of degrees of freedom (RNDF) =   50346.
 ---------------------------------------------------
 APPROXIMATING switch and d/dx switch using CUBIC SPLINE INTERPOLATION
 using   5000.0 points per unit in tabled values
 TESTING RELATIVE ERROR over r ranging from 0.0 to cutoff
| CHECK switch(x): max rel err =   0.3316E-14   at   2.351880
| CHECK d/dx switch(x): max rel err =   0.8066E-11   at   2.747240
 ---------------------------------------------------
| Local SIZE OF NONBOND LIST =    8494144
| TOTAL SIZE OF NONBOND LIST =    8494144

 NSTEP =        0   TIME(PS) =       0.000  TEMP(K) =   396.91  PRESS =     0.0
 Etot   =    -47580.6293  EKtot   =     19854.9908  EPtot      =    -67435.6201
 BOND   =      1131.5425  ANGLE   =       815.8116  DIHED      =      1183.3930
 1-4 NB =      4378.3646  1-4 EEL =         0.0000  VDWAALS    =     13699.4427
 EELEC  =    -88644.1745  EHBOND  =         0.0000  RESTRAINT  =         0.0000
 Ewald error estimate:   0.2712E-04
 ------------------------------------------------------------------------------


--------------------------------------------------------------------------------
   5.  TIMINGS
--------------------------------------------------------------------------------

|    Read coords time           0.01 ( 2.14% of Total)
|    Fast Water setup           0.00 ( 0.08% of Total)
|                Build the list             0.20 (96.80% of List )
|                Other                      0.01 ( 3.20% of List )
|             List time                  0.21 (50.49% of Nonbo)
|                   Short_ene time             0.17 (99.45% of Direc)
|                   Other                      0.00 ( 0.55% of Direc)
|                Direct Ewald time          0.17 (82.66% of Ewald)
|                Adjust Ewald time          0.00 ( 0.61% of Ewald)
|                Self Ewald time            0.00 ( 0.02% of Ewald)
|                   Fill Bspline coeffs        0.00 ( 8.72% of Recip)
|                   Fill charge grid           0.01 (15.41% of Recip)
|                   Scalar sum                 0.00 ( 7.18% of Recip)
|                   Grad sum                   0.01 (19.38% of Recip)
|                   FFT time                   0.02 (49.28% of Recip)
|                   Other                      0.00 ( 0.02% of Recip)
|                Recip Ewald time           0.03 (16.54% of Ewald)
|                Force Adjust               0.00 ( 0.02% of Ewald)
|                Virial junk                0.00 ( 0.04% of Ewald)
|                Other                      0.00 ( 0.12% of Ewald)
|             Ewald time                 0.20 (49.51% of Nonbo)
|          Nonbond force              0.41 (99.64% of Force)
|          Bond/Angle/Dihedral        0.00 ( 0.33% of Force)
|          Other                      0.00 ( 0.04% of Force)
|       Force time                 0.41 (89.95% of Runmd)
|       Other                      0.05 (10.05% of Runmd)
|    Runmd Time                 0.46 (80.43% of Total)
|    Other                      0.10 (17.34% of Total)
| Total time                 0.57 (100.0% of ALL  )

| Number of list builds   :          1

| Highest rstack allocated:    1198349
| Highest istack allocated:      23773
|           Job began  at 13:44:13.250  on 03/16/2017
|           Setup done at 13:44:13.361  on 03/16/2017
|           Run   done at 13:44:13.817  on 03/16/2017
|     wallclock() was called      53 times
